#
# There is insufficient memory for the Java Runtime Environment to continue.
# Native memory allocation (mmap) failed to map 167772160 bytes for G1 virtual space
# Possible reasons:
#   The system is out of physical RAM or swap space
#   The process is running with CompressedOops enabled, and the Java Heap may be blocking the growth of the native heap
# Possible solutions:
#   Reduce memory load on the system
#   Increase physical memory or swap space
#   Check if swap backing store is full
#   Decrease Java heap size (-Xmx/-Xms)
#   Decrease number of Java threads
#   Decrease Java thread stack sizes (-Xss)
#   Set larger code cache with -XX:ReservedCodeCacheSize=
#   JVM is running with Zero Based Compressed Oops mode in which the Java heap is
#     placed in the first 32GB address space. The Java Heap base address is the
#     maximum limit for the native heap growth. Please use -XX:HeapBaseMinAddress
#     to set the Java Heap base and to place the Java Heap above 32GB virtual address.
# This output file may be truncated or incomplete.
#
#  Out of Memory Error (os_windows.cpp:3530), pid=3272, tid=4056
#
# JRE version:  (18.0.2.1+1) (build )
# Java VM: Java HotSpot(TM) 64-Bit Server VM (18.0.2.1+1-1, mixed mode, sharing, tiered, compressed oops, compressed class ptrs, g1 gc, windows-amd64)
# No core dump will be written. Minidumps are not enabled by default on client versions of Windows
#

---------------  S U M M A R Y ------------

Command Line: org.jetbrains.kotlin.cli.jvm.K2JVMCompiler @D:\Project\DoAnChuyenNganh\Client\node_modules\react-native-gesture-handler\android\build\20221203_10169363837437333963.compiler.options

Host: AMD Ryzen 7 3700U with Radeon Vega Mobile Gfx  , 8 cores, 9G,  Windows 10 , 64 bit Build 19041 (10.0.19041.1889)
Time: Sat Dec  3 15:08:25 2022 SE Asia Standard Time elapsed time: 0.020941 seconds (0d 0h 0m 0s)

---------------  T H R E A D  ---------------

Current thread (0x00000133e48d5720):  JavaThread "Unknown thread" [_thread_in_vm, id=4056, stack(0x00000012f6900000,0x00000012f6a00000)]

Stack: [0x00000012f6900000,0x00000012f6a00000]
Native frames: (J=compiled Java code, j=interpreted, Vv=VM code, C=native code)
V  [jvm.dll+0x6993aa]
V  [jvm.dll+0x7f46dd]
V  [jvm.dll+0x7f5fee]
V  [jvm.dll+0x7f66a3]
V  [jvm.dll+0x25cf1f]
V  [jvm.dll+0x6962f9]
V  [jvm.dll+0x68ae2a]
V  [jvm.dll+0x32255b]
V  [jvm.dll+0x329f36]
V  [jvm.dll+0x37eade]
V  [jvm.dll+0x37ed0f]
V  [jvm.dll+0x2fa2da]
V  [jvm.dll+0x2fb33d]
V  [jvm.dll+0x7c3310]
V  [jvm.dll+0x38be61]
V  [jvm.dll+0x7a2023]
V  [jvm.dll+0x40dc3f]
V  [jvm.dll+0x40f611]
C  [jli.dll+0x526b]
C  [ucrtbase.dll+0x21bb2]
C  [KERNEL32.DLL+0x17034]
C  [ntdll.dll+0x526a1]


---------------  P R O C E S S  ---------------

Threads class SMR info:
_java_thread_list=0x00007ffb4528e550, length=0, elements={
}

Java Threads: ( => current thread )

Other Threads:
  0x00000133e492a0d0 WorkerThread "GC Thread#0" [stack: 0x00000012f6a00000,0x00000012f6b00000] [id=13352]
  0x00000133e4936e30 ConcurrentGCThread "G1 Main Marker" [stack: 0x00000012f6b00000,0x00000012f6c00000] [id=20028]
  0x00000133e4937fd0 WorkerThread "G1 Conc#0" [stack: 0x00000012f6c00000,0x00000012f6d00000] [id=11568]

[error occurred during error reporting (printing all threads), id 0xc0000005, EXCEPTION_ACCESS_VIOLATION (0xc0000005) at pc=0x00007ffb44aba877]

VM state: not at safepoint (not fully initialized)

VM Mutex/Monitor currently owned by a thread:  ([mutex/lock_event])
[0x00000133e48d2c80] Heap_lock - owner thread: 0x00000133e48d5720

Heap address: 0x0000000761e00000, size: 2530 MB, Compressed Oops mode: Zero based, Oop shift amount: 3

CDS archive(s) mapped at: [0x0000000000000000-0x0000000000000000-0x0000000000000000), size 0, SharedBaseAddress: 0x0000000800000000, ArchiveRelocationMode: 0.
Narrow klass base: 0x0000000000000000, Narrow klass shift: 0, Narrow klass range: 0x0

GC Precious Log:
 CardTable entry size: 512
 Card Set container configuration: InlinePtr #cards 4 size 8 Array Of Cards #cards 16 size 48 Howl #buckets 8 coarsen threshold 3686 Howl Bitmap #cards 512 size 80 coarsen threshold 460 Card regions per heap region 1 cards per card region 4096

Heap:
 garbage-first heap   total 0K, used 0K [0x0000000761e00000, 0x0000000800000000)
  region size 2048K, 0 young (0K), 0 survivors (0K)

[error occurred during error reporting (printing heap information), id 0xc0000005, EXCEPTION_ACCESS_VIOLATION (0xc0000005) at pc=0x00007ffb44ea1839]

GC Heap History (0 events):
No events

Deoptimization events (0 events):
No events

Classes loaded (0 events):
No events

Classes unloaded (0 events):
No events

Classes redefined (0 events):
No events

Internal exceptions (0 events):
No events

VM Operations (0 events):
No events

Events (1 events):
Event: 0.012 Loaded shared library C:\Program Files\Java\jdk-18.0.2.1\bin\java.dll


Dynamic libraries:
0x00007ff7ea060000 - 0x00007ff7ea070000 	C:\Program Files\Java\jdk-18.0.2.1\bin\java.exe
0x00007ffbc7dd0000 - 0x00007ffbc7fc8000 	C:\WINDOWS\SYSTEM32\ntdll.dll
0x00007ffbc6560000 - 0x00007ffbc661d000 	C:\WINDOWS\System32\KERNEL32.DLL
0x00007ffbc54e0000 - 0x00007ffbc57b2000 	C:\WINDOWS\System32\KERNELBASE.dll
0x00007ffbc57c0000 - 0x00007ffbc58c0000 	C:\WINDOWS\System32\ucrtbase.dll
0x00007ffb94640000 - 0x00007ffb9465a000 	C:\Program Files\Java\jdk-18.0.2.1\bin\VCRUNTIME140.dll
0x00007ffb94660000 - 0x00007ffb94678000 	C:\Program Files\Java\jdk-18.0.2.1\bin\jli.dll
0x00007ffbc61d0000 - 0x00007ffbc627e000 	C:\WINDOWS\System32\ADVAPI32.dll
0x00007ffbc6000000 - 0x00007ffbc609e000 	C:\WINDOWS\System32\msvcrt.dll
0x00007ffbc63b0000 - 0x00007ffbc644c000 	C:\WINDOWS\System32\sechost.dll
0x00007ffbc60a0000 - 0x00007ffbc61c5000 	C:\WINDOWS\System32\RPCRT4.dll
0x00007ffbc68a0000 - 0x00007ffbc6a3d000 	C:\WINDOWS\System32\USER32.dll
0x00007ffbb5170000 - 0x00007ffbb540a000 	C:\WINDOWS\WinSxS\amd64_microsoft.windows.common-controls_6595b64144ccf1df_6.0.19041.1110_none_60b5254171f9507e\COMCTL32.dll
0x00007ffbc5c40000 - 0x00007ffbc5c62000 	C:\WINDOWS\System32\win32u.dll
0x00007ffbc6530000 - 0x00007ffbc655b000 	C:\WINDOWS\System32\GDI32.dll
0x00007ffbc58c0000 - 0x00007ffbc59cf000 	C:\WINDOWS\System32\gdi32full.dll
0x00007ffbc59d0000 - 0x00007ffbc5a6d000 	C:\WINDOWS\System32\msvcp_win.dll
0x00007ffbbed60000 - 0x00007ffbbed6a000 	C:\WINDOWS\SYSTEM32\VERSION.dll
0x00007ffbc5f50000 - 0x00007ffbc5f80000 	C:\WINDOWS\System32\IMM32.DLL
0x00007ffbbfbc0000 - 0x00007ffbbfbcc000 	C:\Program Files\Java\jdk-18.0.2.1\bin\vcruntime140_1.dll
0x00007ffb818f0000 - 0x00007ffb8197d000 	C:\Program Files\Java\jdk-18.0.2.1\bin\msvcp140.dll
0x00007ffb447b0000 - 0x00007ffb453c1000 	C:\Program Files\Java\jdk-18.0.2.1\bin\server\jvm.dll
0x00007ffbc73f0000 - 0x00007ffbc73f8000 	C:\WINDOWS\System32\PSAPI.DLL
0x00007ffbbfbb0000 - 0x00007ffbbfbb9000 	C:\WINDOWS\SYSTEM32\WSOCK32.dll
0x00007ffbbd470000 - 0x00007ffbbd497000 	C:\WINDOWS\SYSTEM32\WINMM.dll
0x00007ffbc79c0000 - 0x00007ffbc7a2b000 	C:\WINDOWS\System32\WS2_32.dll
0x00007ffbc3d80000 - 0x00007ffbc3d92000 	C:\WINDOWS\SYSTEM32\kernel.appcore.dll
0x00007ffb8c2b0000 - 0x00007ffb8c2ba000 	C:\Program Files\Java\jdk-18.0.2.1\bin\jimage.dll
0x00007ffbc3b20000 - 0x00007ffbc3d04000 	C:\WINDOWS\SYSTEM32\DBGHELP.DLL
0x00007ffbb3770000 - 0x00007ffbb379c000 	C:\WINDOWS\SYSTEM32\dbgcore.DLL
0x00007ffbc5cc0000 - 0x00007ffbc5d42000 	C:\WINDOWS\System32\bcryptPrimitives.dll
0x00007ffb8c280000 - 0x00007ffb8c2a5000 	C:\Program Files\Java\jdk-18.0.2.1\bin\java.dll

dbghelp: loaded successfully - version: 4.0.5 - missing functions: none
symbol engine: initialized successfully - sym options: 0x614 - pdb path: .;C:\Program Files\Java\jdk-18.0.2.1\bin;C:\WINDOWS\SYSTEM32;C:\WINDOWS\WinSxS\amd64_microsoft.windows.common-controls_6595b64144ccf1df_6.0.19041.1110_none_60b5254171f9507e;C:\Program Files\Java\jdk-18.0.2.1\bin\server

VM Arguments:
java_command: org.jetbrains.kotlin.cli.jvm.K2JVMCompiler @D:\Project\DoAnChuyenNganh\Client\node_modules\react-native-gesture-handler\android\build\20221203_10169363837437333963.compiler.options
java_class_path (initial): C:\Users\HoangHac\.gradle\caches\modules-2\files-2.1\org.jetbrains.kotlin\kotlin-compiler-embeddable\1.5.20\1900e8b9aca0a9caffd45b99b36e3720a0a284f8\kotlin-compiler-embeddable-1.5.20.jar;C:\Users\HoangHac\.gradle\caches\modules-2\files-2.1\org.jetbrains.kotlin\kotlin-reflect\1.5.20\63810951f09a27f7827977f1bc21094042a915e\kotlin-reflect-1.5.20.jar;C:\Users\HoangHac\.gradle\caches\modules-2\files-2.1\org.jetbrains.kotlin\kotlin-stdlib\1.5.20\9de35cc611bcecec8edce1d56d8e659953806751\kotlin-stdlib-1.5.20.jar;C:\Users\HoangHac\.gradle\caches\modules-2\files-2.1\org.jetbrains.kotlin\kotlin-script-runtime\1.5.20\4381bb58d37b84d4d1afe55ec35542dd9b77e101\kotlin-script-runtime-1.5.20.jar;C:\Users\HoangHac\.gradle\caches\modules-2\files-2.1\org.jetbrains.kotlin\kotlin-daemon-embeddable\1.5.20\36c38cda019834dcd2959cc33a12768adcd94256\kotlin-daemon-embeddable-1.5.20.jar;C:\Users\HoangHac\.gradle\caches\modules-2\files-2.1\org.jetbrains.intellij.deps\trove4j\1.0.20181211\216c2e14b070f334479d800987affe4054cd563f\trove4j-1.0.20181211.jar;C:\Users\HoangHac\.gradle\caches\modules-2\files-2.1\org.jetbrains\annotations\13.0\919f0dfe192fb4e063e7dacadee7f8bb9a2672a9\annotations-13.0.jar;C:\Users\HoangHac\.gradle\caches\modules-2\files-2.1\org.jetbrains.kotlin\kotlin-stdlib-common\1.5.20\3d79dbd48bf605f4aac1e7028981a1953e245cbb\kotlin-stdlib-common-1.5.20.jar
Launcher Type: SUN_STANDARD

[Global flags]
     intx CICompilerCount                          = 4                                         {product} {ergonomic}
     uint ConcGCThreads                            = 2                                         {product} {ergonomic}
     uint G1ConcRefinementThreads                  = 8                                         {product} {ergonomic}
   size_t G1HeapRegionSize                         = 2097152                                   {product} {ergonomic}
    uintx GCDrainStackTargetSize                   = 64                                        {product} {ergonomic}
   size_t InitialHeapSize                          = 167772160                                 {product} {ergonomic}
   size_t MarkStackSize                            = 4194304                                   {product} {ergonomic}
   size_t MaxHeapSize                              = 2652897280                                {product} {ergonomic}
   size_t MinHeapDeltaBytes                        = 2097152                                   {product} {ergonomic}
   size_t MinHeapSize                              = 8388608                                   {product} {ergonomic}
    uintx NonNMethodCodeHeapSize                   = 5839372                                {pd product} {ergonomic}
    uintx NonProfiledCodeHeapSize                  = 122909434                              {pd product} {ergonomic}
    uintx ProfiledCodeHeapSize                     = 122909434                              {pd product} {ergonomic}
    uintx ReservedCodeCacheSize                    = 251658240                              {pd product} {ergonomic}
     bool SegmentedCodeCache                       = true                                      {product} {ergonomic}
   size_t SoftMaxHeapSize                          = 2652897280                             {manageable} {ergonomic}
     bool UseCompressedClassPointers               = true                           {product lp64_product} {ergonomic}
     bool UseCompressedOops                        = true                           {product lp64_product} {ergonomic}
     bool UseG1GC                                  = true                                      {product} {ergonomic}
     bool UseLargePagesIndividualAllocation        = false                                  {pd product} {ergonomic}

Logging:
Log output configuration:
 #0: stdout all=warning uptime,level,tags foldmultilines=false
 #1: stderr all=off uptime,level,tags foldmultilines=false

Environment Variables:
CLASSPATH=D:\Project\DoAnChuyenNganh\Client\android\\gradle\wrapper\gradle-wrapper.jar
PATH=D:\Project\DoAnChuyenNganh\Client\android\node_modules\.bin;D:\Project\DoAnChuyenNganh\Client\node_modules\.bin;D:\Project\DoAnChuyenNganh\node_modules\.bin;D:\Project\node_modules\.bin;D:\node_modules\.bin;C:\Program Files\nodejs;D:\Project\DoAnChuyenNganh\Client\node_modules\.bin;D:\Project\DoAnChuyenNganh\node_modules\.bin;D:\Project\node_modules\.bin;D:\node_modules\.bin;C:\Program Files\nodejs\node_modules\npm\node_modules\@npmcli\run-script\lib\node-gyp-bin;C:\Program Files\Common Files\Oracle\Java\javapath;C:\ProgramData\Oracle\Java\javapath;C:\Program Files (x86)\Common Files\Oracle\Java\javapath;C:\WINDOWS\system32;C:\WINDOWS;C:\WINDOWS\System32\Wbem;C:\WINDOWS\System32\WindowsPowerShell\v1.0\;C:\WINDOWS\System32\OpenSSH\;C:\Program Files\nodejs\;C:\Program Files\Microsoft SQL Server\Client SDK\ODBC\170\Tools\Binn\;C:\Program Files (x86)\Microsoft SQL Server\150\Tools\Binn\;C:\Program Files\Microsoft SQL Server\150\Tools\Binn\;C:\Program Files\Microsoft SQL Server\150\DTS\Binn\;C:\Program Files (x86)\Microsoft SQL Server\150\DTS\Binn\;C:\Program Files\Git\cmd;C:\Program Files\Azure Data Studio\bin;D:\Program\SDK\platform-tools;D:\Program\SDK\platforms;C:\Program Files\Cloudflare\Cloudflare WARP\;C:\Program Files\Java\jdk-18.0.2.1\bin;C:\Users\HoangHac\AppData\Local\Microsoft\WindowsApps;C:\Users\HoangHac\AppData\Roaming\npm;C:\Program Files\Azure Data Studio\bin;C:\Users\HoangHac\AppData\Local\Programs\Microsoft VS Code\bin;D:\Project\DoAnChuyenNganh\Client\node_modules\.bin
USERNAME=HoangHac
LANG=en_US.UTF-8
OS=Windows_NT
PROCESSOR_IDENTIFIER=AMD64 Family 23 Model 24 Stepping 1, AuthenticAMD



---------------  S Y S T E M  ---------------

OS:
 Windows 10 , 64 bit Build 19041 (10.0.19041.1889)
OS uptime: 4 days 18:22 hours

CPU: total 8 (initial active 8) (8 cores per cpu, 2 threads per core) family 23 model 24 stepping 1 microcode 0x0, cx8, cmov, fxsr, ht, mmx, 3dnowpref, sse, sse2, sse3, ssse3, sse4a, sse4.1, sse4.2, popcnt, lzcnt, tsc, tscinvbit, avx, avx2, aes, clmul, bmi1, bmi2, adx, sha, fma, vzeroupper, clflush, clflushopt

Memory: 4k page, system-wide physical 10115M (258M free)
TotalPageFile size 21091M (AvailPageFile size 105M)
current process WorkingSet (physical memory assigned to process): 10M, peak: 10M
current process commit charge ("private bytes"): 60M, peak: 220M

vm_info: Java HotSpot(TM) 64-Bit Server VM (18.0.2.1+1-1) for windows-amd64 JRE (18.0.2.1+1-1), built on Aug 16 2022 01:46:33 by "mach5one" with MS VC++ 16.8 / 16.9 (VS2019)

END.
